Sat Feb 04 08:31:48 UserDiv from Layout.INI for AutoECO: 60
Sat Feb 04 08:31:48 Loaded file C:\ORCAD\ORCAD_10.5\TOOLS\LAYOUT_PLUS\DATA\1BET_ANY.TCH
Sat Feb 04 08:31:48 Loaded file C:\ORCAD_PROJECTS\OSCIL\LAYOUT\OSCIL.LLB
Sat Feb 04 08:31:48 Loaded file C:\ORCAD_PROJECTS\LAYOUT_PROJECT\LIBRARY\GM_YS_CUSTOM.LLB
Sat Feb 04 08:31:48 Loaded file C:\ORCAD\ORCAD_10.5\TOOLS\LAYOUT_PLUS\LIBRARY\INET LAYOUT LIBRARIES\TSOT5-ULTRALIBR.LLB
Sat Feb 04 08:31:48 Loaded file C:\ORCAD\ORCAD_10.5\TOOLS\LAYOUT_PLUS\LIBRARY\INET LAYOUT LIBRARIES\TSOT_5_PINS_ULTRALIBR.LLB
Sat Feb 04 08:31:48 Loaded file C:\ORCAD\ORCAD_10.5\TOOLS\LAYOUT_PLUS\LIBRARY\INET LAYOUT LIBRARIES\CAP_ASS.LLB
Sat Feb 04 08:31:48 Loaded file C:\ORCAD\ORCAD_10.5\TOOLS\LAYOUT_PLUS\LIBRARY\INET LAYOUT LIBRARIES\CAP_RAD.LLB
Sat Feb 04 08:31:48 Loaded file C:\ORCAD\ORCAD_10.5\TOOLS\LAYOUT_PLUS\LIBRARY\INET LAYOUT LIBRARIES\CONN_COAX.LLB
Sat Feb 04 08:31:48 Loaded file C:\ORCAD\ORCAD_10.5\TOOLS\LAYOUT_PLUS\LIBRARY\INET LAYOUT LIBRARIES\CONN_DIN.LLB
Sat Feb 04 08:31:48 Loaded file C:\ORCAD\ORCAD_10.5\TOOLS\LAYOUT_PLUS\LIBRARY\INET LAYOUT LIBRARIES\CONN_DSUB.LLB
Sat Feb 04 08:31:48 Loaded file C:\ORCAD\ORCAD_10.5\TOOLS\LAYOUT_PLUS\LIBRARY\INET LAYOUT LIBRARIES\CONN_STRIP.LLB
Sat Feb 04 08:31:48 Loaded file C:\ORCAD\ORCAD_10.5\TOOLS\LAYOUT_PLUS\LIBRARY\INET LAYOUT LIBRARIES\DEVICE.LLB
Sat Feb 04 08:31:48 Loaded file C:\ORCAD\ORCAD_10.5\TOOLS\LAYOUT_PLUS\LIBRARY\INET LAYOUT LIBRARIES\DIODE.LLB
Sat Feb 04 08:31:48 Loaded file C:\ORCAD\ORCAD_10.5\TOOLS\LAYOUT_PLUS\LIBRARY\INET LAYOUT LIBRARIES\DIP.LLB
Sat Feb 04 08:31:48 Loaded file C:\ORCAD\ORCAD_10.5\TOOLS\LAYOUT_PLUS\LIBRARY\INET LAYOUT LIBRARIES\INDUTTORI.LLB
Sat Feb 04 08:31:48 Loaded file C:\ORCAD\ORCAD_10.5\TOOLS\LAYOUT_PLUS\LIBRARY\INET LAYOUT LIBRARIES\MORSETTIERE.LLB
Sat Feb 04 08:31:48 Loaded file C:\ORCAD\ORCAD_10.5\TOOLS\LAYOUT_PLUS\LIBRARY\INET LAYOUT LIBRARIES\OPTOELETTRONICA.LLB
Sat Feb 04 08:31:48 Loaded file C:\ORCAD\ORCAD_10.5\TOOLS\LAYOUT_PLUS\LIBRARY\INET LAYOUT LIBRARIES\PLCCNEW.LLB
Sat Feb 04 08:31:48 Loaded file C:\ORCAD\ORCAD_10.5\TOOLS\LAYOUT_PLUS\LIBRARY\INET LAYOUT LIBRARIES\PQFP.LLB
Sat Feb 04 08:31:48 Loaded file C:\ORCAD\ORCAD_10.5\TOOLS\LAYOUT_PLUS\LIBRARY\INET LAYOUT LIBRARIES\QUARZI.LLB
Sat Feb 04 08:31:48 Loaded file C:\ORCAD\ORCAD_10.5\TOOLS\LAYOUT_PLUS\LIBRARY\INET LAYOUT LIBRARIES\RELAYNEW.LLB
Sat Feb 04 08:31:48 Loaded file C:\ORCAD\ORCAD_10.5\TOOLS\LAYOUT_PLUS\LIBRARY\INET LAYOUT LIBRARIES\RESIST.LLB
Sat Feb 04 08:31:48 Loaded file C:\ORCAD\ORCAD_10.5\TOOLS\LAYOUT_PLUS\LIBRARY\INET LAYOUT LIBRARIES\SHEET01.LLB
Sat Feb 04 08:31:48 Loaded file C:\ORCAD\ORCAD_10.5\TOOLS\LAYOUT_PLUS\LIBRARY\INET LAYOUT LIBRARIES\SHEET02.LLB
Sat Feb 04 08:31:48 Loaded file C:\ORCAD\ORCAD_10.5\TOOLS\LAYOUT_PLUS\LIBRARY\INET LAYOUT LIBRARIES\SHEET03.LLB
Sat Feb 04 08:31:48 Loaded file C:\ORCAD\ORCAD_10.5\TOOLS\LAYOUT_PLUS\LIBRARY\INET LAYOUT LIBRARIES\SHEET04.LLB
Sat Feb 04 08:31:48 Loaded file C:\ORCAD\ORCAD_10.5\TOOLS\LAYOUT_PLUS\LIBRARY\INET LAYOUT LIBRARIES\SHEET05.LLB
Sat Feb 04 08:31:48 Loaded file C:\ORCAD\ORCAD_10.5\TOOLS\LAYOUT_PLUS\LIBRARY\INET LAYOUT LIBRARIES\SHEET06.LLB
Sat Feb 04 08:31:48 Loaded file C:\ORCAD\ORCAD_10.5\TOOLS\LAYOUT_PLUS\LIBRARY\INET LAYOUT LIBRARIES\SHEET08.LLB
Sat Feb 04 08:31:48 Loaded file C:\ORCAD\ORCAD_10.5\TOOLS\LAYOUT_PLUS\LIBRARY\INET LAYOUT LIBRARIES\SHEET09.LLB
Sat Feb 04 08:31:48 Loaded file C:\ORCAD\ORCAD_10.5\TOOLS\LAYOUT_PLUS\LIBRARY\INET LAYOUT LIBRARIES\SHEET10.LLB
Sat Feb 04 08:31:48 Loaded file C:\ORCAD\ORCAD_10.5\TOOLS\LAYOUT_PLUS\LIBRARY\INET LAYOUT LIBRARIES\SHEET11.LLB
Sat Feb 04 08:31:48 Loaded file C:\ORCAD\ORCAD_10.5\TOOLS\LAYOUT_PLUS\LIBRARY\INET LAYOUT LIBRARIES\SHEET12.LLB
Sat Feb 04 08:31:48 Loaded file C:\ORCAD\ORCAD_10.5\TOOLS\LAYOUT_PLUS\LIBRARY\INET LAYOUT LIBRARIES\SHEET13.LLB
Sat Feb 04 08:31:48 Loaded file C:\ORCAD\ORCAD_10.5\TOOLS\LAYOUT_PLUS\LIBRARY\INET LAYOUT LIBRARIES\SHEET14.LLB
Sat Feb 04 08:31:48 Loaded file C:\ORCAD\ORCAD_10.5\TOOLS\LAYOUT_PLUS\LIBRARY\INET LAYOUT LIBRARIES\SHEET15.LLB
Sat Feb 04 08:31:48 Loaded file C:\ORCAD\ORCAD_10.5\TOOLS\LAYOUT_PLUS\LIBRARY\INET LAYOUT LIBRARIES\SHEET16.LLB
Sat Feb 04 08:31:48 Loaded file C:\ORCAD\ORCAD_10.5\TOOLS\LAYOUT_PLUS\LIBRARY\INET LAYOUT LIBRARIES\SHEET17.LLB
Sat Feb 04 08:31:48 Loaded file C:\ORCAD\ORCAD_10.5\TOOLS\LAYOUT_PLUS\LIBRARY\INET LAYOUT LIBRARIES\SHEET18.LLB
Sat Feb 04 08:31:48 Loaded file C:\ORCAD\ORCAD_10.5\TOOLS\LAYOUT_PLUS\LIBRARY\INET LAYOUT LIBRARIES\SHEET19.LLB
Sat Feb 04 08:31:48 Loaded file C:\ORCAD\ORCAD_10.5\TOOLS\LAYOUT_PLUS\LIBRARY\INET LAYOUT LIBRARIES\SHEET20.LLB
Sat Feb 04 08:31:48 Loaded file C:\ORCAD\ORCAD_10.5\TOOLS\LAYOUT_PLUS\LIBRARY\INET LAYOUT LIBRARIES\SHEET21.LLB
Sat Feb 04 08:31:48 Loaded file C:\ORCAD\ORCAD_10.5\TOOLS\LAYOUT_PLUS\LIBRARY\INET LAYOUT LIBRARIES\SHEET22.LLB
Sat Feb 04 08:31:48 Loaded file C:\ORCAD\ORCAD_10.5\TOOLS\LAYOUT_PLUS\LIBRARY\INET LAYOUT LIBRARIES\SHEET23.LLB
Sat Feb 04 08:31:48 Loaded file C:\ORCAD\ORCAD_10.5\TOOLS\LAYOUT_PLUS\LIBRARY\INET LAYOUT LIBRARIES\SHEET24.LLB
Sat Feb 04 08:31:48 Loaded file C:\ORCAD\ORCAD_10.5\TOOLS\LAYOUT_PLUS\LIBRARY\INET LAYOUT LIBRARIES\SHEET25.LLB
Sat Feb 04 08:31:48 Loaded file C:\ORCAD\ORCAD_10.5\TOOLS\LAYOUT_PLUS\LIBRARY\INET LAYOUT LIBRARIES\SHEET26.LLB
Sat Feb 04 08:31:48 Loaded file C:\ORCAD\ORCAD_10.5\TOOLS\LAYOUT_PLUS\LIBRARY\INET LAYOUT LIBRARIES\SHEET27.LLB
Sat Feb 04 08:31:48 Loaded file C:\ORCAD\ORCAD_10.5\TOOLS\LAYOUT_PLUS\LIBRARY\INET LAYOUT LIBRARIES\SHEET28.LLB
Sat Feb 04 08:31:48 Loaded file C:\ORCAD\ORCAD_10.5\TOOLS\LAYOUT_PLUS\LIBRARY\INET LAYOUT LIBRARIES\SHEET29.LLB
Sat Feb 04 08:31:48 Loaded file C:\ORCAD\ORCAD_10.5\TOOLS\LAYOUT_PLUS\LIBRARY\INET LAYOUT LIBRARIES\SHEET30.LLB
Sat Feb 04 08:31:48 Loaded file C:\ORCAD\ORCAD_10.5\TOOLS\LAYOUT_PLUS\LIBRARY\INET LAYOUT LIBRARIES\SHEET31.LLB
Sat Feb 04 08:31:48 Loaded file C:\ORCAD\ORCAD_10.5\TOOLS\LAYOUT_PLUS\LIBRARY\INET LAYOUT LIBRARIES\SHEET32.LLB
Sat Feb 04 08:31:48 Loaded file C:\ORCAD\ORCAD_10.5\TOOLS\LAYOUT_PLUS\LIBRARY\INET LAYOUT LIBRARIES\SHEET33.LLB
Sat Feb 04 08:31:48 Loaded file C:\ORCAD\ORCAD_10.5\TOOLS\LAYOUT_PLUS\LIBRARY\INET LAYOUT LIBRARIES\SHEET34.LLB
Sat Feb 04 08:31:48 Loaded file C:\ORCAD\ORCAD_10.5\TOOLS\LAYOUT_PLUS\LIBRARY\INET LAYOUT LIBRARIES\SMD.LLB
Sat Feb 04 08:31:48 Loaded file C:\ORCAD\ORCAD_10.5\TOOLS\LAYOUT_PLUS\LIBRARY\INET LAYOUT LIBRARIES\SWITCH.LLB
Sat Feb 04 08:31:48 Loaded file C:\ORCAD\ORCAD_10.5\TOOLS\LAYOUT_PLUS\LIBRARY\INET LAYOUT LIBRARIES\TONEW.LLB
Sat Feb 04 08:31:48 Loaded file C:\ORCAD\ORCAD_10.5\TOOLS\LAYOUT_PLUS\LIBRARY\INET LAYOUT LIBRARIES\TRANSFORMER.LLB
Sat Feb 04 08:31:48 Loaded file C:\ORCAD\ORCAD_10.5\TOOLS\LAYOUT_PLUS\LIBRARY\INET LAYOUT LIBRARIES\TRIMMER.LLB
Sat Feb 04 08:31:48 Loaded file C:\OrCAD\OrCAD_10.5\tools\Layout_Plus\library\BCON100T.llb
Sat Feb 04 08:31:48 Loaded file C:\OrCAD\OrCAD_10.5\tools\Layout_Plus\library\BCON156T.llb
Sat Feb 04 08:31:48 Loaded file C:\OrCAD\OrCAD_10.5\tools\Layout_Plus\library\BGA.llb
Sat Feb 04 08:31:48 Loaded file C:\OrCAD\OrCAD_10.5\tools\Layout_Plus\library\CLCC.llb
Sat Feb 04 08:31:48 Loaded file C:\OrCAD\OrCAD_10.5\tools\Layout_Plus\library\DCON050T.llb
Sat Feb 04 08:31:48 Loaded file C:\OrCAD\OrCAD_10.5\tools\Layout_Plus\library\DCON085T.llb
Sat Feb 04 08:31:48 Loaded file C:\OrCAD\OrCAD_10.5\tools\Layout_Plus\library\DIMM050F.llb
Sat Feb 04 08:31:48 Loaded file C:\OrCAD\OrCAD_10.5\tools\Layout_Plus\library\DIMM050T.llb
Sat Feb 04 08:31:48 Loaded file C:\OrCAD\OrCAD_10.5\tools\Layout_Plus\library\DIN.llb
Sat Feb 04 08:31:48 Loaded file C:\OrCAD\OrCAD_10.5\tools\Layout_Plus\library\DIP100B.llb
Sat Feb 04 08:31:48 Loaded file C:\OrCAD\OrCAD_10.5\tools\Layout_Plus\library\DIP100T.llb
Sat Feb 04 08:31:48 Loaded file C:\OrCAD\OrCAD_10.5\tools\Layout_Plus\library\DSUBT.llb
Sat Feb 04 08:31:48 Loaded file C:\OrCAD\OrCAD_10.5\tools\Layout_Plus\library\DSUBT_HD.LLB
Sat Feb 04 08:31:48 Loaded file C:\OrCAD\OrCAD_10.5\tools\Layout_Plus\library\ECON100T.llb
Sat Feb 04 08:31:48 Loaded file C:\OrCAD\OrCAD_10.5\tools\Layout_Plus\library\FBUS.llb
Sat Feb 04 08:31:48 Loaded file C:\OrCAD\OrCAD_10.5\tools\Layout_Plus\library\ISA.llb
Sat Feb 04 08:31:48 Loaded file C:\OrCAD\OrCAD_10.5\tools\Layout_Plus\library\JUMPER.LLB
Sat Feb 04 08:31:48 Loaded file C:\OrCAD\OrCAD_10.5\tools\Layout_Plus\library\LAYOUT.llb
Sat Feb 04 08:31:48 Loaded file C:\OrCAD\OrCAD_10.5\tools\Layout_Plus\library\LCON100T.llb
Sat Feb 04 08:31:48 Loaded file C:\OrCAD\OrCAD_10.5\tools\Layout_Plus\library\PC104.llb
Sat Feb 04 08:31:48 Loaded file C:\OrCAD\OrCAD_10.5\tools\Layout_Plus\library\PCI.llb
Sat Feb 04 08:31:48 Loaded file C:\OrCAD\OrCAD_10.5\tools\Layout_Plus\library\PCON100T.llb
Sat Feb 04 08:31:48 Loaded file C:\OrCAD\OrCAD_10.5\tools\Layout_Plus\library\PCON156T.llb
Sat Feb 04 08:31:48 Loaded file C:\OrCAD\OrCAD_10.5\tools\Layout_Plus\library\PGA.llb
Sat Feb 04 08:31:48 Loaded file C:\OrCAD\OrCAD_10.5\tools\Layout_Plus\library\PLCC.llb
Sat Feb 04 08:31:48 Loaded file C:\OrCAD\OrCAD_10.5\tools\Layout_Plus\library\QUAD.llb
Sat Feb 04 08:31:48 Loaded file C:\OrCAD\OrCAD_10.5\tools\Layout_Plus\library\QUADB.llb
Sat Feb 04 08:31:48 Loaded file C:\OrCAD\OrCAD_10.5\tools\Layout_Plus\library\RELAY.llb
Sat Feb 04 08:31:48 Loaded file C:\OrCAD\OrCAD_10.5\tools\Layout_Plus\library\RF.llb
Sat Feb 04 08:31:48 Loaded file C:\OrCAD\OrCAD_10.5\tools\Layout_Plus\library\SBUS.llb
Sat Feb 04 08:31:48 Loaded file C:\OrCAD\OrCAD_10.5\tools\Layout_Plus\library\SIMM050F.llb
Sat Feb 04 08:31:48 Loaded file C:\OrCAD\OrCAD_10.5\tools\Layout_Plus\library\SIMM050T.llb
Sat Feb 04 08:31:48 Loaded file C:\OrCAD\OrCAD_10.5\tools\Layout_Plus\library\SIMM100F.llb
Sat Feb 04 08:31:48 Loaded file C:\OrCAD\OrCAD_10.5\tools\Layout_Plus\library\SIMM100T.llb
Sat Feb 04 08:31:48 Loaded file C:\OrCAD\OrCAD_10.5\tools\Layout_Plus\library\SIP.llb
Sat Feb 04 08:31:48 Loaded file C:\OrCAD\OrCAD_10.5\tools\Layout_Plus\library\SM.llb
Sat Feb 04 08:31:48 Loaded file C:\OrCAD\OrCAD_10.5\tools\Layout_Plus\library\SOG.llb
Sat Feb 04 08:31:48 Loaded file C:\OrCAD\OrCAD_10.5\tools\Layout_Plus\library\SOJ.llb
Sat Feb 04 08:31:48 Loaded file C:\OrCAD\OrCAD_10.5\tools\Layout_Plus\library\STIFF.llb
Sat Feb 04 08:31:48 Loaded file C:\OrCAD\OrCAD_10.5\tools\Layout_Plus\library\TELE.llb
Sat Feb 04 08:31:48 Loaded file C:\OrCAD\OrCAD_10.5\tools\Layout_Plus\library\TM_AXIAL.llb
Sat Feb 04 08:31:48 Loaded file C:\OrCAD\OrCAD_10.5\tools\Layout_Plus\library\TM_CAP_P.llb
Sat Feb 04 08:31:48 Loaded file C:\OrCAD\OrCAD_10.5\tools\Layout_Plus\library\TM_CYLND.llb
Sat Feb 04 08:31:48 Loaded file C:\OrCAD\OrCAD_10.5\tools\Layout_Plus\library\TM_DIODE.llb
Sat Feb 04 08:31:48 Loaded file C:\OrCAD\OrCAD_10.5\tools\Layout_Plus\library\TM_DISC.llb
Sat Feb 04 08:31:48 Loaded file C:\OrCAD\OrCAD_10.5\tools\Layout_Plus\library\TM_RAD.llb
Sat Feb 04 08:31:48 Loaded file C:\OrCAD\OrCAD_10.5\tools\Layout_Plus\library\TO.llb
Sat Feb 04 08:31:48 Loaded file C:\OrCAD\OrCAD_10.5\tools\Layout_Plus\library\TRAINING.LLB
Sat Feb 04 08:31:48 Loaded file C:\OrCAD\OrCAD_10.5\tools\Layout_Plus\library\VRES.llb
Sat Feb 04 08:31:48 Loaded file C:\OrCAD\OrCAD_10.5\tools\Layout_Plus\library\WCON100T.llb
Sat Feb 04 08:31:48 Loaded file C:\OrCAD\OrCAD_10.5\tools\Layout_Plus\library\XT.llb
Sat Feb 04 08:31:48 Loaded file C:\OrCAD\OrCAD_10.5\tools\Layout_Plus\library\ZIGZAG.llb
Sat Feb 04 08:31:49 Loaded file C:\ORCAD\ORCAD_10.5\TOOLS\LAYOUT_PLUS\DATA\1BET_ANY.TCH
Sat Feb 04 08:31:49 Saved as file C:\ORCAD\ORCAD_10.5\TOOLS\LAYOUT_PLUS\DATA\1BET_ANY.TCH
