AutoECO Report
FILE-A: C:\ORCAD_PROJECTS\OSCIL\LAYOUT\OSCIL-1.MAX
FILE-B: C:\ORCAD_PROJECTS\OSCIL\OSCIL.MNL
If "*EOF*" immediately follows, no changes were made
Component C55 -- overriding attributes
Component R95 -- overriding attributes
Component R94 -- overriding attributes
Component R83 -- overriding attributes
Component R19 -- overriding attributes
Component R44 -- overriding attributes
Component R102 -- overriding attributes
Component R90 -- overriding attributes
Component D9 -- overriding attributes
Component D6 -- overriding attributes
Component R12 -- overriding attributes
Component R88 -- overriding attributes
Component C35 -- overriding attributes
Component R53 -- overriding attributes
Component R99 -- overriding attributes
Component D4 -- overriding attributes
Component R41 -- overriding attributes
Component C9 -- overriding attributes
Component A1 -- overriding attributes
Component R23 -- overriding attributes
Component R73 -- overriding attributes
Component SW13 -- overriding attributes
Component C31 -- overriding attributes
Component C78 -- overriding attributes
Component BT1 -- overriding attributes
Component R29 -- overriding attributes
Component C75 -- overriding attributes
Component C66 -- overriding attributes
Component R70 -- overriding attributes
Component R33 -- overriding attributes
Component R63 -- overriding attributes
Component C64 -- overriding attributes
Component R77 -- overriding attributes
Component R25 -- overriding attributes
Component R5 -- overriding attributes
Component D5 -- overriding attributes
Component R59 -- overriding attributes
Component R100 -- overriding attributes
Component C71 -- overriding attributes
Component C34 -- overriding attributes
Component R74 -- overriding attributes
Component R51 -- overriding attributes
Component C5 -- overriding attributes
Component R4 -- overriding attributes
Component R7 -- overriding attributes
Component SW10 -- overriding attributes
Component R35 -- overriding attributes
Component SW8 -- overriding attributes
Component C4 -- overriding attributes
Component R97 -- overriding attributes
Component R116 -- overriding attributes
Component C13 -- overriding attributes
Component R24 -- overriding attributes
Component C57 -- overriding attributes
Component C21 -- overriding attributes
Component R15 -- overriding attributes
Component R57 -- overriding attributes
Component C56 -- overriding attributes
Component R108 -- overriding attributes
Component U3 -- overriding attributes
Component R30 -- overriding attributes
Component R112 -- overriding attributes
Component C47 -- overriding attributes
Component R6 -- overriding attributes
Component C45 -- overriding attributes
Component C26 -- overriding attributes
Component C22 -- overriding attributes
Component C28 -- overriding attributes
Component R75 -- overriding attributes
Component C52 -- overriding attributes
Component R11 -- overriding attributes
Component C79 -- overriding attributes
Component D3 -- overriding attributes
Component U4 -- overriding attributes
Component R46 -- overriding attributes
Component R103 -- overriding attributes
Component J1 -- overriding attributes
Component C11 -- overriding attributes
Component R61 -- overriding attributes
Component SW15 -- overriding attributes
Component R71 -- overriding attributes
Component R89 -- overriding attributes
Component R110 -- overriding attributes
Component R120 -- overriding attributes
Component R27 -- overriding attributes
Component J2 -- overriding attributes
Component C6 -- overriding attributes
Component C61 -- overriding attributes
Component R37 -- overriding attributes
Component R84 -- overriding attributes
Component C25 -- overriding attributes
Component SW9 -- overriding attributes
Component R3 -- overriding attributes
Component SW3 -- overriding attributes
Component SW2 -- overriding attributes
Component C69 -- overriding attributes
Component R78 -- overriding attributes
Component R28 -- overriding attributes
Component R105 -- overriding attributes
Component R9 -- overriding attributes
Component R115 -- overriding attributes
Component SW12 -- overriding attributes
Component R10 -- overriding attributes
Component R122 -- overriding attributes
Component R18 -- overriding attributes
Component R86 -- overriding attributes
Component R56 -- overriding attributes
Component C42 -- overriding attributes
Component SW4 -- overriding attributes
Component C65 -- overriding attributes
Component D11 -- overriding attributes
Component C68 -- overriding attributes
Component R101 -- overriding attributes
Component R111 -- overriding attributes
Component U7 -- overriding attributes
Component R68 -- overriding attributes
Component C58 -- overriding attributes
Component C27 -- overriding attributes
Component R45 -- overriding attributes
Component C50 -- overriding attributes
Component R80 -- overriding attributes
Component SW5 -- overriding attributes
Component R91 -- overriding attributes
Component R65 -- overriding attributes
Component C72 -- overriding attributes
Component R106 -- overriding attributes
Component D12 -- overriding attributes
Component R113 -- overriding attributes
Component C32 -- overriding attributes
Component R55 -- overriding attributes
Component C8 -- overriding attributes
Component C36 -- overriding attributes
Component R2 -- overriding attributes
Component C46 -- overriding attributes
Component C30 -- overriding attributes
Component D7 -- overriding attributes
Component U6 -- overriding attributes
Component R8 -- overriding attributes
Component R118 -- overriding attributes
Component C49 -- overriding attributes
Component SW6 -- overriding attributes
Component R76 -- overriding attributes
Component R87 -- overriding attributes
Component R49 -- overriding attributes
Component R104 -- overriding attributes
Component J4 -- overriding attributes
Component C38 -- overriding attributes
Component R20 -- overriding attributes
Component C14 -- overriding attributes
Component U5 -- overriding attributes
Component SW7 -- overriding attributes
Component R54 -- overriding attributes
Component C39 -- overriding attributes
Component SW14 -- overriding attributes
Component R119 -- overriding attributes
Component C73 -- overriding attributes
Component R39 -- overriding attributes
Component C70 -- overriding attributes
Component SW1 -- overriding attributes
Component C53 -- overriding attributes
Component R81 -- overriding attributes
Component D8 -- overriding attributes
Component R82 -- overriding attributes
Component R66 -- overriding attributes
Component C62 -- overriding attributes
Component R50 -- overriding attributes
Component R26 -- overriding attributes
Component C17 -- overriding attributes
Component R36 -- overriding attributes
Component C37 -- overriding attributes
Component R40 -- overriding attributes
Component R21 -- overriding attributes
Component C3 -- overriding attributes
Component U2 -- overriding attributes
Component R92 -- overriding attributes
Component R109 -- overriding attributes
Component R62 -- overriding attributes
Component R31 -- overriding attributes
Component R64 -- overriding attributes
Component R79 -- overriding attributes
Component C12 -- overriding attributes
Component J3 -- overriding attributes
Component C33 -- overriding attributes
Component R38 -- overriding attributes
Component R47 -- overriding attributes
Component C19 -- overriding attributes
Component C77 -- overriding attributes
Component R13 -- overriding attributes
Component C24 -- overriding attributes
Component C15 -- overriding attributes
Component C1 -- overriding attributes
Component C67 -- overriding attributes
Component SW11 -- overriding attributes
Component R52 -- overriding attributes
Component R93 -- overriding attributes
Component C60 -- overriding attributes
Component C54 -- overriding attributes
Component C51 -- overriding attributes
Component R1 -- overriding attributes
Component C43 -- overriding attributes
Component R16 -- overriding attributes
Component D2 -- overriding attributes
Component C59 -- overriding attributes
Component R60 -- overriding attributes
Component R42 -- overriding attributes
Component R98 -- overriding attributes
Component C63 -- overriding attributes
Component R14 -- overriding attributes
Component C18 -- overriding attributes
Component C23 -- overriding attributes
Component C2 -- overriding attributes
Component U1 -- overriding attributes
Component R58 -- overriding attributes
Component R67 -- overriding attributes
Component C10 -- overriding attributes
Component R85 -- overriding attributes
Component C74 -- overriding attributes
Component C16 -- overriding attributes
Component R121 -- overriding attributes
Component C20 -- overriding attributes
Component R17 -- overriding attributes
Component R107 -- overriding attributes
Component R69 -- overriding attributes
Component R117 -- overriding attributes
Component R34 -- overriding attributes
Component D10 -- overriding attributes
Component C48 -- overriding attributes
Component C76 -- overriding attributes
Component R22 -- overriding attributes
Component D1 -- overriding attributes
Component R114 -- overriding attributes
Component C41 -- overriding attributes
Component A2 -- overriding attributes
Component C7 -- overriding attributes
Component R43 -- overriding attributes
Component R96 -- overriding attributes
Component C40 -- overriding attributes
Component R48 -- overriding attributes
Component R32 -- overriding attributes
Component C44 -- overriding attributes
Component R72 -- overriding attributes
Component C29 -- overriding attributes
Component J5 -- overriding attributes
Net N165430 -- overriding attributes
Net N609093 -- overriding attributes
Net N304646 -- overriding attributes
Net N00114 -- overriding attributes
Net N620899 -- overriding attributes
Net N628880 -- overriding attributes
Net N171828 -- overriding attributes
Net N00229 -- overriding attributes
Net N307100 -- overriding attributes
Net N306781 -- overriding attributes
Net N306021 -- overriding attributes
Net N306409 -- overriding attributes
Net POS4 -- overriding attributes
Net POS2 -- overriding attributes
Net N259137 -- overriding attributes
Net N187653 -- overriding attributes
Net POS3 -- overriding attributes
Net N305273 -- overriding attributes
Net N002691 -- overriding attributes
Net POS5 -- overriding attributes
Net N00453 -- overriding attributes
Net N004731 -- overriding attributes
Net N271978 -- overriding attributes
Net N271348 -- overriding attributes
Net N270728 -- overriding attributes
Net N279412 -- overriding attributes
Net N93772 -- overriding attributes
Net N279058 -- overriding attributes
Net N101834 -- overriding attributes
Net N263365 -- overriding attributes
Net N276591 -- overriding attributes
Net N277824 -- overriding attributes
Net N266244 -- overriding attributes
Net N266238 -- overriding attributes
Net N98650 -- overriding attributes
Net N266232 -- overriding attributes
Net N234541 -- overriding attributes
Net N93238 -- overriding attributes
Net N345590 -- overriding attributes
Net N344752 -- overriding attributes
Net N357336 -- overriding attributes
Net AC1 -- overriding attributes
Net BL -- overriding attributes
Net N364100 -- overriding attributes
Net RSW1 -- overriding attributes
Net 3V3 -- overriding attributes
Net N237428 -- overriding attributes
Net N222851 -- overriding attributes
Net N167348 -- overriding attributes
Net N199231 -- overriding attributes
Net N230052 -- overriding attributes
Net N103351 -- overriding attributes
Net N105112 -- overriding attributes
Net N108238 -- overriding attributes
Net N106759 -- overriding attributes
Net N01590 -- overriding attributes
Net N900311 -- overriding attributes
Net G0 -- overriding attributes
Net N900310 -- overriding attributes
Net R2 -- overriding attributes
Net R0 -- overriding attributes
Net B0 -- overriding attributes
Net B1 -- overriding attributes
Net G1 -- overriding attributes
Net G2 -- overriding attributes
Net R1 -- overriding attributes
Net HSYNC -- overriding attributes
Net N119598 -- overriding attributes
Net CH2 -- overriding attributes
Net CH3 -- overriding attributes
Net N457408 -- overriding attributes
Net RE2 -- overriding attributes
Net RE3 -- overriding attributes
Net T -- overriding attributes
Net PB5 -- overriding attributes
Net PB3 -- overriding attributes
Net PB1 -- overriding attributes
Net PB4 -- overriding attributes
Net PB2 -- overriding attributes
Net AC2 -- overriding attributes
Net AC3 -- overriding attributes
Net N118933 -- overriding attributes
Net RSW3 -- overriding attributes
Net VSYNC -- overriding attributes
Net VEE -- overriding attributes
Net RSW2 -- overriding attributes
Net N02769 -- overriding attributes
Net N02836 -- overriding attributes
Net N584277 -- overriding attributes
Net N584767 -- overriding attributes
Net CH1 -- overriding attributes
Net N584281 -- overriding attributes
Net N20502 -- overriding attributes
Net N584513 -- overriding attributes
Net N584891 -- overriding attributes
Net N584441 -- overriding attributes
Net RE1 -- overriding attributes
Net N584771 -- overriding attributes
Net N584895 -- overriding attributes
Net N585261 -- overriding attributes
Net N584313 -- overriding attributes
Net N584369 -- overriding attributes
Net N578023 -- overriding attributes
Net N584517 -- overriding attributes
Net N576835 -- overriding attributes
Net N584871 -- overriding attributes
Net N577449 -- overriding attributes
Net N584715 -- overriding attributes
Net N576999 -- overriding attributes
Net N585465 -- overriding attributes
Net N577329 -- overriding attributes
Net N584361 -- overriding attributes
Net N576971 -- overriding attributes
Net N584573 -- overriding attributes
Net N577131 -- overriding attributes
Net N584461 -- overriding attributes
Net N577223 -- overriding attributes
Net N584465 -- overriding attributes
Net VCC -- overriding attributes
Net N584959 -- overriding attributes
Net GND -- overriding attributes
Net N576851 -- overriding attributes
Net N584665 -- overriding attributes
Net N576871 -- overriding attributes
Net N584601 -- overriding attributes
Net N576839 -- overriding attributes
Net N584293 -- overriding attributes
Net N577453 -- overriding attributes
Net N293336 -- overriding attributes
Net N576927 -- overriding attributes
Net N584413 -- overriding attributes
Net N577019 -- overriding attributes
Net N5855410 -- overriding attributes
Net N577429 -- overriding attributes
Net N5854411 -- overriding attributes
Net N577159 -- overriding attributes
Net N577023 -- overriding attributes
Net N577075 -- overriding attributes
Net N577071 -- overriding attributes
Net N577325 -- overriding attributes
Net N577273 -- overriding attributes
Net N576919 -- overriding attributes
Net N577819 -- overriding attributes
Net N577517 -- overriding attributes
Net N5779991 -- overriding attributes
Net N5780990 -- overriding attributes
Net N104577 -- overriding attributes
Net N142767 -- overriding attributes
Net VCC* -- overriding attributes
Net N145979 -- overriding attributes
Adding R122.2 to net GND
Adding C79.2 to net GND
Deleting R122.2 from net VEE
Deleting C79.2 from net VEE
Adding A1.21 to net 5V
Adding A2.6 to net +
Adding A2.5 to net -
Adding A1.22 to net G
Adding A1.40 to net VB
*EOF*
No errors found
