AutoECO Report
FILE-A: C:\ORCAD_PROJECTS\OSCIL\LAYOUT\OSCIL-2.MAX
FILE-B: C:\ORCAD_PROJECTS\OSCIL\OSCIL.MNL
If "*EOF*" immediately follows, no changes were made
Component U7 -- overriding attributes
Component C49 -- overriding attributes
Component R106 -- overriding attributes
Component R62 -- overriding attributes
Component R19 -- overriding attributes
Component C39 -- overriding attributes
Component R44 -- overriding attributes
Component R12 -- overriding attributes
Component D7 -- overriding attributes
Component C53 -- overriding attributes
Component R67 -- overriding attributes
Component R41 -- overriding attributes
Component C9 -- overriding attributes
Component R57 -- overriding attributes
Component R64 -- overriding attributes
Component R99 -- overriding attributes
Component R119 -- overriding attributes
Component A1 -- overriding attributes
Component R23 -- overriding attributes
Component D9 -- overriding attributes
Component R78 -- overriding attributes
Component R96 -- overriding attributes
Component C18 -- overriding attributes
Component C60 -- overriding attributes
Component C46 -- overriding attributes
Component C32 -- overriding attributes
Component BT1 -- overriding attributes
Component C37 -- overriding attributes
Component R29 -- overriding attributes
Component R95 -- overriding attributes
Component R87 -- overriding attributes
Component J2 -- overriding attributes
Component R33 -- overriding attributes
Component J5 -- overriding attributes
Component R79 -- overriding attributes
Component R72 -- overriding attributes
Component R25 -- overriding attributes
Component R5 -- overriding attributes
Component R88 -- overriding attributes
Component SW11 -- overriding attributes
Component C16 -- overriding attributes
Component C66 -- overriding attributes
Component R66 -- overriding attributes
Component R54 -- overriding attributes
Component C5 -- overriding attributes
Component R117 -- overriding attributes
Component C33 -- overriding attributes
Component C71 -- overriding attributes
Component R65 -- overriding attributes
Component R116 -- overriding attributes
Component R4 -- overriding attributes
Component C78 -- overriding attributes
Component SW13 -- overriding attributes
Component R7 -- overriding attributes
Component C42 -- overriding attributes
Component SW8 -- overriding attributes
Component R35 -- overriding attributes
Component C4 -- overriding attributes
Component C13 -- overriding attributes
Component R24 -- overriding attributes
Component C79 -- overriding attributes
Component R15 -- overriding attributes
Component R82 -- overriding attributes
Component R102 -- overriding attributes
Component C75 -- overriding attributes
Component R60 -- overriding attributes
Component R30 -- overriding attributes
Component R52 -- overriding attributes
Component R6 -- overriding attributes
Component C50 -- overriding attributes
Component R46 -- overriding attributes
Component R108 -- overriding attributes
Component C48 -- overriding attributes
Component C54 -- overriding attributes
Component R69 -- overriding attributes
Component R118 -- overriding attributes
Component U5 -- overriding attributes
Component R11 -- overriding attributes
Component U2 -- overriding attributes
Component R100 -- overriding attributes
Component J1 -- overriding attributes
Component C11 -- overriding attributes
Component R126 -- overriding attributes
Component C44 -- overriding attributes
Component J3 -- overriding attributes
Component R112 -- overriding attributes
Component R27 -- overriding attributes
Component R85 -- overriding attributes
Component R81 -- overriding attributes
Component C6 -- overriding attributes
Component C24 -- overriding attributes
Component R37 -- overriding attributes
Component C64 -- overriding attributes
Component C30 -- overriding attributes
Component C21 -- overriding attributes
Component R3 -- overriding attributes
Component R97 -- overriding attributes
Component C34 -- overriding attributes
Component SW3 -- overriding attributes
Component R83 -- overriding attributes
Component SW2 -- overriding attributes
Component C27 -- overriding attributes
Component D6 -- overriding attributes
Component C41 -- overriding attributes
Component R110 -- overriding attributes
Component R120 -- overriding attributes
Component SW15 -- overriding attributes
Component R93 -- overriding attributes
Component C22 -- overriding attributes
Component R28 -- overriding attributes
Component D2 -- overriding attributes
Component R9 -- overriding attributes
Component C23 -- overriding attributes
Component R10 -- overriding attributes
Component R18 -- overriding attributes
Component R105 -- overriding attributes
Component U6 -- overriding attributes
Component R47 -- overriding attributes
Component SW4 -- overriding attributes
Component R115 -- overriding attributes
Component D3 -- overriding attributes
Component C70 -- overriding attributes
Component C55 -- overriding attributes
Component U4 -- overriding attributes
Component R128 -- overriding attributes
Component R45 -- overriding attributes
Component R90 -- overriding attributes
Component R77 -- overriding attributes
Component C20 -- overriding attributes
Component R89 -- overriding attributes
Component R121 -- overriding attributes
Component R122 -- overriding attributes
Component D5 -- overriding attributes
Component R48 -- overriding attributes
Component R74 -- overriding attributes
Component C28 -- overriding attributes
Component C57 -- overriding attributes
Component SW5 -- overriding attributes
Component C62 -- overriding attributes
Component D1 -- overriding attributes
Component C77 -- overriding attributes
Component R73 -- overriding attributes
Component R58 -- overriding attributes
Component R49 -- overriding attributes
Component R63 -- overriding attributes
Component C58 -- overriding attributes
Component C72 -- overriding attributes
Component C35 -- overriding attributes
Component R101 -- overriding attributes
Component R50 -- overriding attributes
Component C8 -- overriding attributes
Component C65 -- overriding attributes
Component C47 -- overriding attributes
Component SW7 -- overriding attributes
Component C17 -- overriding attributes
Component R111 -- overriding attributes
Component R92 -- overriding attributes
Component R2 -- overriding attributes
Component C59 -- overriding attributes
Component C45 -- overriding attributes
Component R70 -- overriding attributes
Component R8 -- overriding attributes
Component SW6 -- overriding attributes
Component C52 -- overriding attributes
Component R20 -- overriding attributes
Component C14 -- overriding attributes
Component D12 -- overriding attributes
Component D4 -- overriding attributes
Component C68 -- overriding attributes
Component R104 -- overriding attributes
Component SW10 -- overriding attributes
Component C26 -- overriding attributes
Component R39 -- overriding attributes
Component D11 -- overriding attributes
Component SW1 -- overriding attributes
Component R51 -- overriding attributes
Component C29 -- overriding attributes
Component C31 -- overriding attributes
Component C76 -- overriding attributes
Component R114 -- overriding attributes
Component SW14 -- overriding attributes
Component R26 -- overriding attributes
Component R36 -- overriding attributes
Component R71 -- overriding attributes
Component R40 -- overriding attributes
Component R113 -- overriding attributes
Component R21 -- overriding attributes
Component C3 -- overriding attributes
Component R84 -- overriding attributes
Component C19 -- overriding attributes
Component R103 -- overriding attributes
Component R98 -- overriding attributes
Component C38 -- overriding attributes
Component R53 -- overriding attributes
Component R56 -- overriding attributes
Component R31 -- overriding attributes
Component R59 -- overriding attributes
Component C12 -- overriding attributes
Component C56 -- overriding attributes
Component R38 -- overriding attributes
Component R13 -- overriding attributes
Component C15 -- overriding attributes
Component C1 -- overriding attributes
Component R75 -- overriding attributes
Component C73 -- overriding attributes
Component SW9 -- overriding attributes
Component J4 -- overriding attributes
Component R1 -- overriding attributes
Component C67 -- overriding attributes
Component R61 -- overriding attributes
Component R16 -- overriding attributes
Component U3 -- overriding attributes
Component R42 -- overriding attributes
Component R14 -- overriding attributes
Component C2 -- overriding attributes
Component U1 -- overriding attributes
Component R109 -- overriding attributes
Component R76 -- overriding attributes
Component C43 -- overriding attributes
Component R94 -- overriding attributes
Component C10 -- overriding attributes
Component C61 -- overriding attributes
Component R68 -- overriding attributes
Component C63 -- overriding attributes
Component R123 -- overriding attributes
Component R17 -- overriding attributes
Component C69 -- overriding attributes
Component R127 -- overriding attributes
Component R34 -- overriding attributes
Component R22 -- overriding attributes
Component R86 -- overriding attributes
Component D8 -- overriding attributes
Component R80 -- overriding attributes
Component R91 -- overriding attributes
Component D10 -- overriding attributes
Component R124 -- overriding attributes
Component C40 -- overriding attributes
Component R107 -- overriding attributes
Component C51 -- overriding attributes
Component A2 -- overriding attributes
Component C7 -- overriding attributes
Component SW12 -- overriding attributes
Component R43 -- overriding attributes
Component R125 -- overriding attributes
Component R55 -- overriding attributes
Component R32 -- overriding attributes
Component C74 -- overriding attributes
Component C36 -- overriding attributes
Component C25 -- overriding attributes
Net N304646 -- overriding attributes
Net N00114 -- overriding attributes
Net N00229 -- overriding attributes
Net N805625 -- overriding attributes
Net N805751 -- overriding attributes
Net N307100 -- overriding attributes
Net N306781 -- overriding attributes
Net N805649 -- overriding attributes
Net N306021 -- overriding attributes
Net N805693 -- overriding attributes
Net N306409 -- overriding attributes
Net POS4 -- overriding attributes
Net N805613 -- overriding attributes
Net POS2 -- overriding attributes
Net N259137 -- overriding attributes
Net N805775 -- overriding attributes
Net POS3 -- overriding attributes
Net N305273 -- overriding attributes
Net N805803 -- overriding attributes
Net N002691 -- overriding attributes
Net POS5 -- overriding attributes
Net N805959 -- overriding attributes
Net N805779 -- overriding attributes
Net N8059750 -- overriding attributes
Net N8059511 -- overriding attributes
Net N756515 -- overriding attributes
Net N00453 -- overriding attributes
Net N762503 -- overriding attributes
Net N004731 -- overriding attributes
Net N762789 -- overriding attributes
Net N762581 -- overriding attributes
Net N762435 -- overriding attributes
Net N762475 -- overriding attributes
Net N762577 -- overriding attributes
Net N762427 -- overriding attributes
Net N7628050 -- overriding attributes
Net N7627811 -- overriding attributes
Net N271978 -- overriding attributes
Net N271348 -- overriding attributes
Net N270728 -- overriding attributes
Net N279412 -- overriding attributes
Net N279058 -- overriding attributes
Net N263365 -- overriding attributes
Net N276591 -- overriding attributes
Net N277824 -- overriding attributes
Net N266244 -- overriding attributes
Net N266238 -- overriding attributes
Net N266232 -- overriding attributes
Net N763005 -- overriding attributes
Net N345590 -- overriding attributes
Net N344752 -- overriding attributes
Net N357336 -- overriding attributes
Net AC1 -- overriding attributes
Net BL -- overriding attributes
Net N364100 -- overriding attributes
Net RSW1 -- overriding attributes
Net 3V3 -- overriding attributes
Net N749120 -- overriding attributes
Net N749036 -- overriding attributes
Net N749964 -- overriding attributes
Net N742432 -- overriding attributes
Net N749614 -- overriding attributes
Net G0 -- overriding attributes
Net N749466 -- overriding attributes
Net N742746 -- overriding attributes
Net R2 -- overriding attributes
Net R0 -- overriding attributes
Net N749204 -- overriding attributes
Net B0 -- overriding attributes
Net N749200 -- overriding attributes
Net N742576 -- overriding attributes
Net B1 -- overriding attributes
Net N742690 -- overriding attributes
Net G1 -- overriding attributes
Net N749268 -- overriding attributes
Net G2 -- overriding attributes
Net R1 -- overriding attributes
Net N749514 -- overriding attributes
Net N749192 -- overriding attributes
Net HSYNC -- overriding attributes
Net N742492 -- overriding attributes
Net N749518 -- overriding attributes
Net CH2 -- overriding attributes
Net N749348 -- overriding attributes
Net CH3 -- overriding attributes
Net N749128 -- overriding attributes
Net N742488 -- overriding attributes
Net RE2 -- overriding attributes
Net N749224 -- overriding attributes
Net RE3 -- overriding attributes
Net N749072 -- overriding attributes
Net N742850 -- overriding attributes
Net T -- overriding attributes
Net N754683 -- overriding attributes
Net N793151 -- overriding attributes
Net N748984 -- overriding attributes
Net N742436 -- overriding attributes
Net N793247 -- overriding attributes
Net N742332 -- overriding attributes
Net N793203 -- overriding attributes
Net N742284 -- overriding attributes
Net N793349 -- overriding attributes
Net N749040 -- overriding attributes
Net N754937 -- overriding attributes
Net N742264 -- overriding attributes
Net N793325 -- overriding attributes
Net N755395 -- overriding attributes
Net N793021 -- overriding attributes
Net N749024 -- overriding attributes
Net N754933 -- overriding attributes
Net PB5 -- overriding attributes
Net N756467 -- overriding attributes
Net N742484 -- overriding attributes
Net N793321 -- overriding attributes
Net PB3 -- overriding attributes
Net N742248 -- overriding attributes
Net N793029 -- overriding attributes
Net PB1 -- overriding attributes
Net N742742 -- overriding attributes
Net PB4 -- overriding attributes
Net N754459 -- overriding attributes
Net N7934971 -- overriding attributes
Net N742344 -- overriding attributes
Net N7935210 -- overriding attributes
Net PB2 -- overriding attributes
Net N743244 -- overriding attributes
Net N742340 -- overriding attributes
Net AC2 -- overriding attributes
Net N756475 -- overriding attributes
Net N742252 -- overriding attributes
Net N754479 -- overriding attributes
Net AC3 -- overriding attributes
Net N755045 -- overriding attributes
Net N754551 -- overriding attributes
Net RSW3 -- overriding attributes
Net VSYNC -- overriding attributes
Net VEE -- overriding attributes
Net N754767 -- overriding attributes
Net RSW2 -- overriding attributes
Net N754397 -- overriding attributes
Net N754463 -- overriding attributes
Net N754393 -- overriding attributes
Net N754639 -- overriding attributes
Net N754543 -- overriding attributes
Net N02769 -- overriding attributes
Net N02836 -- overriding attributes
Net N754885 -- overriding attributes
Net N755145 -- overriding attributes
Net N754619 -- overriding attributes
Net CH1 -- overriding attributes
Net N756541 -- overriding attributes
Net RE1 -- overriding attributes
Net VCC -- overriding attributes
Net GND -- overriding attributes
Net N293336 -- overriding attributes
Net VCC* -- overriding attributes
Adding SW13.1 to net 3V3
Adding SW10.1 to net 3V3
Adding SW7.1 to net 3V3
Deleting J1.17 from net GND
Deleting SW7.1 from net VCC
Deleting SW10.1 from net VCC
Deleting SW13.1 from net VCC
Adding A1.21 to net 5V
Adding A2.6 to net +
Adding A2.5 to net -
Adding A1.22 to net G
Adding A1.40 to net VB
*EOF*
No errors found
